<?xml version="1.0" encoding="UTF-8"?>
<!-- Generated by org.testng.reporters.JUnitXMLReporter -->
<testsuite hostname="LAPTOP-JQ2GDSBC" name="Default test" tests="4" failures="0" timestamp="27 Feb 2023 07:07:59 GMT" time="15.147" errors="0">
  <testcase name="test_login" time="0.258" classname="TestCases.ProjectTest"/>
  <testcase name="test_home" time="3.086" classname="TestCases.ProjectTest"/>
  <testcase name="test_create_project" time="0.415" classname="TestCases.ProjectTest"/>
  <testcase name="test_enquiry_to_site" time="8.528" classname="TestCases.ProjectTest"/>
</testsuite> <!-- Default test -->
