<?xml version="1.0" encoding="UTF-8"?>
<!-- Generated by org.testng.reporters.JUnitXMLReporter -->
<testsuite hostname="LAPTOP-JQ2GDSBC" name="Test" tests="4" failures="0" timestamp="27 Feb 2023 07:54:08 GMT" time="15.033" errors="0">
  <testcase name="test_login" time="0.323" classname="TestCases.ProjectTest"/>
  <testcase name="test_home" time="3.121" classname="TestCases.ProjectTest"/>
  <testcase name="test_create_project" time="0.399" classname="TestCases.ProjectTest"/>
  <testcase name="test_enquiry_to_site" time="8.528" classname="TestCases.ProjectTest"/>
</testsuite> <!-- Test -->
