<?xml version="1.0" encoding="UTF-8"?>
<testng-results skipped="0" failed="0" total="4" passed="4">
  <reporter-output>
  </reporter-output>
  <suite name="Suite" duration-ms="15033" started-at="2023-02-27T07:53:53Z" finished-at="2023-02-27T07:54:08Z">
    <groups>
    </groups>
    <test name="Test" duration-ms="15033" started-at="2023-02-27T07:53:53Z" finished-at="2023-02-27T07:54:08Z">
      <class name="TestCases.ProjectTest">
        <test-method status="PASS" signature="setup()[pri:0, instance:TestCases.ProjectTest@4b168fa9]" name="setup" is-config="true" duration-ms="2658" started-at="2023-02-27T13:23:53Z" finished-at="2023-02-27T13:23:56Z">
          <reporter-output>
          </reporter-output>
        </test-method> <!-- setup -->
        <test-method status="PASS" signature="test_login()[pri:0, instance:TestCases.ProjectTest@4b168fa9]" name="test_login" duration-ms="323" started-at="2023-02-27T13:23:56Z" finished-at="2023-02-27T13:23:56Z">
          <reporter-output>
          </reporter-output>
        </test-method> <!-- test_login -->
        <test-method status="PASS" signature="test_home()[pri:0, instance:TestCases.ProjectTest@4b168fa9]" name="test_home" duration-ms="3121" started-at="2023-02-27T13:23:56Z" finished-at="2023-02-27T13:23:59Z">
          <reporter-output>
          </reporter-output>
        </test-method> <!-- test_home -->
        <test-method status="PASS" signature="test_create_project()[pri:0, instance:TestCases.ProjectTest@4b168fa9]" name="test_create_project" duration-ms="399" started-at="2023-02-27T13:23:59Z" finished-at="2023-02-27T13:24:00Z">
          <reporter-output>
          </reporter-output>
        </test-method> <!-- test_create_project -->
        <test-method status="PASS" signature="test_enquiry_to_site()[pri:0, instance:TestCases.ProjectTest@4b168fa9]" name="test_enquiry_to_site" duration-ms="8528" started-at="2023-02-27T13:24:00Z" finished-at="2023-02-27T13:24:08Z">
          <reporter-output>
          </reporter-output>
        </test-method> <!-- test_enquiry_to_site -->
        <test-method status="PASS" signature="tearDown()[pri:0, instance:TestCases.ProjectTest@4b168fa9]" name="tearDown" is-config="true" duration-ms="0" started-at="2023-02-27T13:24:08Z" finished-at="2023-02-27T13:24:08Z">
          <reporter-output>
          </reporter-output>
        </test-method> <!-- tearDown -->
      </class> <!-- TestCases.ProjectTest -->
    </test> <!-- Test -->
  </suite> <!-- Suite -->
</testng-results>
