<?xml version="1.0" encoding="UTF-8"?>
<testng-results skipped="0" failed="0" total="4" passed="4">
  <reporter-output>
  </reporter-output>
  <suite name="Default suite" duration-ms="15147" started-at="2023-02-27T07:07:44Z" finished-at="2023-02-27T07:07:59Z">
    <groups>
    </groups>
    <test name="Default test" duration-ms="15147" started-at="2023-02-27T07:07:44Z" finished-at="2023-02-27T07:07:59Z">
      <class name="TestCases.ProjectTest">
        <test-method status="PASS" signature="setup()[pri:0, instance:TestCases.ProjectTest@4b168fa9]" name="setup" is-config="true" duration-ms="2851" started-at="2023-02-27T12:37:44Z" finished-at="2023-02-27T12:37:47Z">
          <reporter-output>
          </reporter-output>
        </test-method> <!-- setup -->
        <test-method status="PASS" signature="test_login()[pri:0, instance:TestCases.ProjectTest@4b168fa9]" name="test_login" duration-ms="258" started-at="2023-02-27T12:37:47Z" finished-at="2023-02-27T12:37:47Z">
          <reporter-output>
          </reporter-output>
        </test-method> <!-- test_login -->
        <test-method status="PASS" signature="test_home()[pri:0, instance:TestCases.ProjectTest@4b168fa9]" name="test_home" duration-ms="3086" started-at="2023-02-27T12:37:47Z" finished-at="2023-02-27T12:37:50Z">
          <reporter-output>
          </reporter-output>
        </test-method> <!-- test_home -->
        <test-method status="PASS" signature="test_create_project()[pri:0, instance:TestCases.ProjectTest@4b168fa9]" name="test_create_project" duration-ms="415" started-at="2023-02-27T12:37:50Z" finished-at="2023-02-27T12:37:51Z">
          <reporter-output>
          </reporter-output>
        </test-method> <!-- test_create_project -->
        <test-method status="PASS" signature="test_enquiry_to_site()[pri:0, instance:TestCases.ProjectTest@4b168fa9]" name="test_enquiry_to_site" duration-ms="8528" started-at="2023-02-27T12:37:51Z" finished-at="2023-02-27T12:37:59Z">
          <reporter-output>
          </reporter-output>
        </test-method> <!-- test_enquiry_to_site -->
        <test-method status="PASS" signature="tearDown()[pri:0, instance:TestCases.ProjectTest@4b168fa9]" name="tearDown" is-config="true" duration-ms="1" started-at="2023-02-27T12:37:59Z" finished-at="2023-02-27T12:37:59Z">
          <reporter-output>
          </reporter-output>
        </test-method> <!-- tearDown -->
      </class> <!-- TestCases.ProjectTest -->
    </test> <!-- Default test -->
  </suite> <!-- Default suite -->
</testng-results>
